<?xml version="1.0" encoding="UTF-8"?>
<testsuite name="ActiveCookieTest" tests="4" skipped="0" failures="0" errors="0" timestamp="2021-12-11T06:52:54" hostname="Asthas-Air.lan" time="0.074">
  <properties/>
  <testcase name="testInvalidDate()" classname="ActiveCookieTest" time="0.047"/>
  <testcase name="testEmptyFile()" classname="ActiveCookieTest" time="0.001"/>
  <testcase name="testValidFile()" classname="ActiveCookieTest" time="0.01"/>
  <testcase name="testRepeatedVal()" classname="ActiveCookieTest" time="0.01"/>
  <system-out><![CDATA[CurrentDate 2018-12-09
CurrentDate 2018-12-09
CurrentDate 2018-12-09
CurrentDate 2018-12-09
CurrentDate 2018-12-09
CurrentDate 2018-12-09
CurrentDate 2018-12-09
CurrentDate 2018-12-09
CurrentDate 2018-12-09
]]></system-out>
  <system-err><![CDATA[]]></system-err>
</testsuite>
